<?xml version="1.0" encoding="UTF-8"?>
<!-- Generated by org.testng.reporters.JUnitReportReporter -->
<testsuite hostname="SADA" failures="0" tests="1" name="Commands.ReadDataFromExcleFile" time="0.908" errors="0" timestamp="2023-12-04T10:42:07 IST" skipped="0">
  <testcase classname="Commands.ReadDataFromExcleFile" name="data" time="0.908"/>
</testsuite> <!-- Commands.ReadDataFromExcleFile -->
