<?xml version="1.0" encoding="UTF-8"?>
<!-- Generated by org.testng.reporters.JUnitReportReporter -->
<testsuite hostname="SADA" failures="0" tests="1" name="Commands.demoTest" time="8.369" errors="0" timestamp="2023-12-02T10:11:34 IST" skipped="0">
  <testcase classname="Commands.demoTest" name="facebookTest" time="8.369"/>
</testsuite> <!-- Commands.demoTest -->
