<?xml version="1.0" encoding="UTF-8"?>
<!-- Generated by org.testng.reporters.JUnitReportReporter -->
<testsuite hostname="SADA" failures="0" tests="1" name="Commands.ReadDataFromPropertyFile" time="6.703" errors="0" timestamp="2023-12-04T10:17:27 IST" skipped="0">
  <testcase classname="Commands.ReadDataFromPropertyFile" name="read" time="6.703"/>
</testsuite> <!-- Commands.ReadDataFromPropertyFile -->
